<?xml version="1.0" encoding="UTF-8"?>
<!-- Generated by org.testng.reporters.JUnitReportReporter -->
<testsuite hostname="ITCLPTP29292122" failures="0" tests="1" name="Tests.Cleanup" time="1.202" errors="0" timestamp="2023-08-07T15:03:38 IST" skipped="0">
  <testcase classname="Tests.Cleanup" name="CleanupTest" time="1.202"/>
  <system-out/>
</testsuite> <!-- Tests.Cleanup -->
