<?xml version="1.0" encoding="UTF-8"?>
<!-- Generated by org.testng.reporters.JUnitReportReporter -->
<testsuite hostname="itclptp2929" failures="0" tests="8" name="Tests.ConfigurationTests" time="7.985" errors="0" timestamp="2022-02-11T14:58:03 IST" skipped="0">
  <testcase classname="Tests.ConfigurationTests" name="loginAsAdmin" time="4.750"/>
  <system-out/>
  <testcase classname="Tests.ConfigurationTests" name="VerifyConfigurationNavigation" time="0.241"/>
  <system-out>
    <![CDATA[User Navigated to ConfigurationLink Succesfully]]>
  </system-out>
  <testcase classname="Tests.ConfigurationTests" name="EmployerStateInsuranceContribution" time="0.584"/>
  <system-out>
    <![CDATA[Configuration updated successfully.
x]]>
  </system-out>
  <testcase classname="Tests.ConfigurationTests" name="StateInsuranceCutOffAmount" time="0.526"/>
  <system-out>
    <![CDATA[Configuration updated successfully.
x]]>
  </system-out>
  <testcase classname="Tests.ConfigurationTests" name="LabourAutoDeactivationPeriod" time="0.481"/>
  <system-out>
    <![CDATA[Configuration updated successfully.
x]]>
  </system-out>
  <testcase classname="Tests.ConfigurationTests" name="DayWorkingHours" time="0.446"/>
  <system-out>
    <![CDATA[Configuration updated successfully.
x]]>
  </system-out>
  <testcase classname="Tests.ConfigurationTests" name="HolidayWorkingHours" time="0.462"/>
  <system-out>
    <![CDATA[Configuration updated successfully.
x]]>
  </system-out>
  <testcase classname="Tests.ConfigurationTests" name="HolidayWorkingAdditionalWage" time="0.495"/>
  <system-out>
    <![CDATA[Configuration updated successfully.
x]]>
  </system-out>
</testsuite> <!-- Tests.ConfigurationTests -->
