<?xml version="1.0" encoding="UTF-8"?>
<!-- Generated by org.testng.reporters.JUnitReportReporter -->
<testsuite hostname="itclptp2929" failures="0" tests="21" name="Tests.SpaceTests" time="66.397" errors="0" timestamp="2022-06-02T12:22:07 IST" skipped="0">
  <testcase classname="Tests.SpaceTests" name="loginAsAdmin" time="19.689"/>
  <system-out/>
  <testcase classname="Tests.SpaceTests" name="LabourSearch" time="21.586"/>
  <system-out/>
  <testcase classname="Tests.SpaceTests" name="VerifyLabourAddNavigation" time="0.730"/>
  <system-out>
    <![CDATA[User Navigated to Labour Attendance Successfully]]>
  </system-out>
  <testcase classname="Tests.SpaceTests" name="VerifyHome" time="1.922"/>
  <system-out>
    <![CDATA[User Navigated to Home Page Successfully]]>
  </system-out>
  <testcase classname="Tests.SpaceTests" name="VerifyLabourAttendance" time="5.442"/>
  <system-out>
    <![CDATA[User Navigated to Labour Attendance Successfully]]>
  </system-out>
  <testcase classname="Tests.SpaceTests" name="AdvanceRecoveryNavigation" time="0.990"/>
  <system-out>
    <![CDATA[User Navigated to Advance Recovery Succesfully]]>
  </system-out>
  <testcase classname="Tests.SpaceTests" name="SiteMappingNavigation" time="1.954"/>
  <system-out>
    <![CDATA[User Navigated to Site Mapping  Successfully]]>
  </system-out>
  <testcase classname="Tests.SpaceTests" name="HolidayNavigation" time="1.176"/>
  <system-out>
    <![CDATA[User Navigated to Holidays Succesfully]]>
  </system-out>
  <testcase classname="Tests.SpaceTests" name="ProjectNavigation" time="0.545"/>
  <system-out>
    <![CDATA[User Navigated to Project Succesfully]]>
  </system-out>
  <testcase classname="Tests.SpaceTests" name="PicklistNavigation" time="0.942"/>
  <system-out>
    <![CDATA[User Navigated Picklist  Succesfully]]>
  </system-out>
  <testcase classname="Tests.SpaceTests" name="LabourconnectNavigation" time="0.868"/>
  <system-out>
    <![CDATA[User Navigated to LabourConnect Succesfully]]>
  </system-out>
  <testcase classname="Tests.SpaceTests" name="TimereportNavigation" time="1.594"/>
  <system-out>
    <![CDATA[User Navigated to TimeReport Succesfully]]>
  </system-out>
  <testcase classname="Tests.SpaceTests" name="VerifyCompliancetNavigation" time="0.993"/>
  <system-out>
    <![CDATA[User Navigated to Compliance Succesfully]]>
  </system-out>
  <testcase classname="Tests.SpaceTests" name="VerifyCostBill" time="1.159"/>
  <system-out>
    <![CDATA[User Navigated to CostBill Succesfully]]>
  </system-out>
  <testcase classname="Tests.SpaceTests" name="VerifyAdminBill" time="0.946"/>
  <system-out>
    <![CDATA[User Navigated to AdminLink Succesfully]]>
  </system-out>
  <testcase classname="Tests.SpaceTests" name="VerifyMusterNavigationBill" time="1.915"/>
  <system-out>
    <![CDATA[User Navigated to MusterLink Succesfully]]>
  </system-out>
  <testcase classname="Tests.SpaceTests" name="VerifyWagesNavigationBill" time="2.397"/>
  <system-out>
    <![CDATA[User Navigated to WagesLink Succesfully]]>
  </system-out>
  <testcase classname="Tests.SpaceTests" name="VerifyWagesRatesNavigationBill" time="0.426"/>
  <system-out>
    <![CDATA[User Navigated to WagesLink Succesfully]]>
  </system-out>
  <testcase classname="Tests.SpaceTests" name="VerifyConfigurationNavigation" time="0.259"/>
  <system-out>
    <![CDATA[User Navigated to ConfigurationLink Succesfully]]>
  </system-out>
  <testcase classname="Tests.SpaceTests" name="VerifyWageScheduldeNavigation" time="0.422"/>
  <system-out>
    <![CDATA[User Navigated to ConfigurationLink Succesfully]]>
  </system-out>
  <testcase classname="Tests.SpaceTests" name="VerifyLabourContarctorAddNavigation" time="0.442"/>
  <system-out>
    <![CDATA[User Navigated to ConfigurationLink Succesfully]]>
  </system-out>
</testsuite> <!-- Tests.SpaceTests -->
