<?xml version="1.0" encoding="UTF-8"?>
<!-- Generated by org.testng.reporters.JUnitReportReporter -->
<testsuite hostname="itclptp2929" failures="0" tests="1" name="Space.Xpaths.Property" time="0.003" errors="0" timestamp="2022-07-25T17:18:33 IST" skipped="0">
  <testcase classname="Space.Xpaths.Property" name="GetdataFromPropFile" time="0.003"/>
  <system-out/>
</testsuite> <!-- Space.Xpaths.Property -->
