<?xml version="1.0" encoding="UTF-8"?>
<!-- Generated by org.testng.reporters.JUnitReportReporter -->
<testsuite hostname="ITCMACBOOK2.local" failures="0" tests="1" name="Tests.Setup" time="7.644" errors="0" timestamp="2024-01-30T15:58:48 IST" skipped="0">
  <testcase classname="Tests.Setup" name="Initialize" time="7.644"/>
  <system-out/>
</testsuite> <!-- Tests.Setup -->
