<?xml version="1.0" encoding="UTF-8"?>
<!-- Generated by org.testng.reporters.JUnitReportReporter -->
<testsuite hostname="ITCMACBOOK2.local" failures="0" tests="1" name="Tests.Cleanup" time="0.001" errors="0" timestamp="2024-01-30T15:58:48 IST" skipped="0">
  <testcase classname="Tests.Cleanup" name="CleanupTest" time="0.001"/>
  <system-out/>
</testsuite> <!-- Tests.Cleanup -->
